<?xml version="1.0" encoding="UTF-8"?>
<testsuite name="CostTest" tests="6" skipped="0" failures="0" errors="0" timestamp="2022-04-10T11:46:47" hostname="Kamruls-MacBook-Pro.local" time="0.009">
  <properties/>
  <testcase name="getCost[0]" classname="CostTest" time="0.002"/>
  <testcase name="getCost[1]" classname="CostTest" time="0.001"/>
  <testcase name="getCost[2]" classname="CostTest" time="0.002"/>
  <testcase name="getCost[3]" classname="CostTest" time="0.0"/>
  <testcase name="getCost[4]" classname="CostTest" time="0.001"/>
  <testcase name="getCost[5]" classname="CostTest" time="0.001"/>
  <system-out><![CDATA[]]></system-out>
  <system-err><![CDATA[]]></system-err>
</testsuite>
