<?xml version="1.0" encoding="UTF-8"?>
<testsuite name="WhiteBoxGiven" tests="7" skipped="0" failures="0" errors="0" timestamp="2022-04-04T19:38:47" hostname="Shynals-MacBook-Pro.local" time="0.018">
  <properties/>
  <testcase name="calcCostTest" classname="WhiteBoxGiven" time="0.003"/>
  <testcase name="getTaxTest" classname="WhiteBoxGiven" time="0.0"/>
  <testcase name="underAgeExceptionTest" classname="WhiteBoxGiven" time="0.008"/>
  <testcase name="removeItemTest" classname="WhiteBoxGiven" time="0.001"/>
  <testcase name="addItemTest" classname="WhiteBoxGiven" time="0.0"/>
  <testcase name="amountSavedTest" classname="WhiteBoxGiven" time="0.001"/>
  <testcase name="getCostTest" classname="WhiteBoxGiven" time="0.0"/>
  <system-out><![CDATA[]]></system-out>
  <system-err><![CDATA[]]></system-err>
</testsuite>
