<?xml version="1.0" encoding="UTF-8"?>
<testsuite name="test.java.WhiteBoxGiven" tests="1" skipped="0" failures="0" errors="0" timestamp="2022-03-28T22:57:33" hostname="Shynals-MacBook-Pro.local" time="0.001">
  <properties/>
  <testcase name="getTax" classname="test.java.WhiteBoxGiven" time="0.001"/>
  <system-out><![CDATA[]]></system-out>
  <system-err><![CDATA[]]></system-err>
</testsuite>
